<?xml version="1.0" encoding="UTF-8"?>
<!-- Generated by org.testng.reporters.JUnitReportReporter -->
<testsuite hostname="ESS-70CCRQ2" failures="0" tests="2" name="tests.CreateProductAndManufacturingTest" time="44.488" errors="0" timestamp="2022-04-18T10:55:36 IST" skipped="0">
  <testcase classname="tests.CreateProductAndManufacturingTest" name="VerifyCreateProduct" time="8.092"/>
  <system-out/>
  <testcase classname="tests.CreateProductAndManufacturingTest" name="VerifyCreateManufacturingOrder" time="36.396"/>
  <system-out/>
</testsuite> <!-- tests.CreateProductAndManufacturingTest -->
