<?xml version="1.0" encoding="UTF-8"?>
<!-- Generated by org.testng.reporters.JUnitReportReporter -->
<testsuite hostname="ESS-70CCRQ2" failures="0" tests="3" name="tests.TestNgAnnotations" time="0.006" errors="0" timestamp="2022-04-16T20:48:59 IST" skipped="0">
  <testcase classname="tests.TestNgAnnotations" name="TestMethod2" time="0.001"/>
  <system-out/>
  <testcase classname="tests.TestNgAnnotations" name="TestMethod3" time="0.001"/>
  <system-out/>
  <testcase classname="tests.TestNgAnnotations" name="TestMethod1" time="0.004"/>
  <system-out/>
</testsuite> <!-- tests.TestNgAnnotations -->
