<?xml version="1.0" encoding="UTF-8"?>
<!-- Generated by org.testng.reporters.JUnitReportReporter -->
<testsuite hostname="ESS-70CCRQ2" failures="0" tests="2" name="tests.CreateProductAndManufacturingTest" time="46.960" errors="0" timestamp="2022-04-18T13:44:32 IST" skipped="0">
  <testcase classname="tests.CreateProductAndManufacturingTest" name="VerifyCreateProduct" time="9.317"/>
  <system-out/>
  <testcase classname="tests.CreateProductAndManufacturingTest" name="VerifyCreateManufacturingOrder" time="37.643"/>
  <system-out/>
</testsuite> <!-- tests.CreateProductAndManufacturingTest -->
